<?xml version="1.0" encoding="UTF-8"?>
<testsuite name="cloud.autotests.tests.ui.AddProductTests" tests="1" skipped="0" failures="0" errors="0" timestamp="2021-10-23T12:24:37" hostname="KUSLIN" time="8.162">
  <properties/>
  <testcase name="successfulRegistrationTest()" classname="cloud.autotests.tests.ui.AddProductTests" time="8.162"/>
  <system-out><![CDATA[]]></system-out>
  <system-err><![CDATA[Starting ChromeDriver 95.0.4638.17 (a9d0719444d4b035e284ed1fce73bf6ccd789df2-refs/branch-heads/4638@{#178}) on port 13341
Only local connections are allowed.
Please see https://chromedriver.chromium.org/security-considerations for suggestions on keeping ChromeDriver safe.
ChromeDriver was started successfully.
окт. 23, 2021 7:24:40 PM org.openqa.selenium.remote.ProtocolHandshake createSession
INFO: Detected dialect: W3C
]]></system-err>
</testsuite>
